cc1: fatal error: tests/test.c: No such file or directory
compilation terminated.
cc1: fatal error: tests/test1.c: No such file or directory
compilation terminated.
